0 info it worked if it ends with ok
1 verbose cli [ '/usr/bin/node',
1 verbose cli   '/usr/bin/npm',
1 verbose cli   'install',
1 verbose cli   '-g',
1 verbose cli   'generator-angular' ]
2 info using npm@1.4.28
3 info using node@v0.10.38
4 verbose node symlink /usr/bin/node
5 verbose cache add [ 'generator-angular', null ]
6 verbose cache add name=undefined spec="generator-angular" args=["generator-angular",null]
7 verbose parsed url { protocol: null,
7 verbose parsed url   slashes: null,
7 verbose parsed url   auth: null,
7 verbose parsed url   host: null,
7 verbose parsed url   port: null,
7 verbose parsed url   hostname: null,
7 verbose parsed url   hash: null,
7 verbose parsed url   search: null,
7 verbose parsed url   query: null,
7 verbose parsed url   pathname: 'generator-angular',
7 verbose parsed url   path: 'generator-angular',
7 verbose parsed url   href: 'generator-angular' }
8 silly lockFile 458e0b50-generator-angular generator-angular
9 verbose lock generator-angular /home/naldo/.npm/458e0b50-generator-angular.lock
10 silly lockFile 458e0b50-generator-angular generator-angular
11 silly lockFile 458e0b50-generator-angular generator-angular
12 verbose addNamed [ 'generator-angular', '' ]
13 verbose addNamed [ null, '*' ]
14 silly lockFile 0345f598-generator-angular generator-angular@
15 verbose lock generator-angular@ /home/naldo/.npm/0345f598-generator-angular.lock
16 silly addNameRange { name: 'generator-angular', range: '*', hasData: false }
17 verbose request where is /generator-angular
18 verbose request registry https://registry.npmjs.org/
19 verbose request id dacce98c8e474d02
20 verbose url raw /generator-angular
21 verbose url resolving [ 'https://registry.npmjs.org/', './generator-angular' ]
22 verbose url resolved https://registry.npmjs.org/generator-angular
23 verbose request where is https://registry.npmjs.org/generator-angular
24 info trying registry request attempt 1 at 18:52:11
25 verbose etag "E2CV092M7SQFJGVCU5MG6ZK75"
26 http GET https://registry.npmjs.org/generator-angular
27 http 200 https://registry.npmjs.org/generator-angular
28 silly registry.get cb [ 200,
28 silly registry.get   { server: 'CouchDB/1.5.0 (Erlang OTP/R16B03)',
28 silly registry.get     etag: '"EL1VPG6AGUOGZJKM5WTIYVYZJ"',
28 silly registry.get     'content-type': 'application/json',
28 silly registry.get     'cache-control': 'max-age=60',
28 silly registry.get     'content-length': '63134',
28 silly registry.get     'accept-ranges': 'bytes',
28 silly registry.get     date: 'Wed, 06 May 2015 21:51:50 GMT',
28 silly registry.get     via: '1.1 varnish',
28 silly registry.get     age: '0',
28 silly registry.get     connection: 'keep-alive',
28 silly registry.get     'x-served-by': 'cache-iad2146-IAD',
28 silly registry.get     'x-cache': 'HIT',
28 silly registry.get     'x-cache-hits': '1',
28 silly registry.get     'x-timer': 'S1430949110.661274,VS0,VE62',
28 silly registry.get     vary: 'Accept' } ]
29 silly addNameRange number 2 { name: 'generator-angular', range: '*', hasData: true }
30 silly addNameRange versions [ 'generator-angular',
30 silly addNameRange   [ '0.1.0',
30 silly addNameRange     '0.1.1',
30 silly addNameRange     '0.1.2',
30 silly addNameRange     '0.1.3',
30 silly addNameRange     '0.1.4',
30 silly addNameRange     '0.1.5',
30 silly addNameRange     '0.2.0',
30 silly addNameRange     '0.2.1',
30 silly addNameRange     '0.2.2',
30 silly addNameRange     '0.3.0',
30 silly addNameRange     '0.3.1',
30 silly addNameRange     '0.4.0',
30 silly addNameRange     '0.5.0',
30 silly addNameRange     '0.5.1',
30 silly addNameRange     '0.6.0-rc.1',
30 silly addNameRange     '0.6.0-rc.2',
30 silly addNameRange     '0.6.0',
30 silly addNameRange     '0.7.0',
30 silly addNameRange     '0.7.1',
30 silly addNameRange     '0.8.0',
30 silly addNameRange     '0.9.0-0',
30 silly addNameRange     '0.9.0-1',
30 silly addNameRange     '0.9.0',
30 silly addNameRange     '0.9.1',
30 silly addNameRange     '0.9.2',
30 silly addNameRange     '0.9.3',
30 silly addNameRange     '0.9.5',
30 silly addNameRange     '0.9.6',
30 silly addNameRange     '0.9.7',
30 silly addNameRange     '0.9.8',
30 silly addNameRange     '0.10.0',
30 silly addNameRange     '0.11.0',
30 silly addNameRange     '0.11.1' ] ]
31 verbose addNamed [ 'generator-angular', '0.11.1' ]
32 verbose addNamed [ '0.11.1', '0.11.1' ]
33 silly lockFile 87d1bbb8-generator-angular-0-11-1 generator-angular@0.11.1
34 verbose lock generator-angular@0.11.1 /home/naldo/.npm/87d1bbb8-generator-angular-0-11-1.lock
35 silly lockFile 87d1bbb8-generator-angular-0-11-1 generator-angular@0.11.1
36 silly lockFile 87d1bbb8-generator-angular-0-11-1 generator-angular@0.11.1
37 silly lockFile 0345f598-generator-angular generator-angular@
38 silly lockFile 0345f598-generator-angular generator-angular@
39 silly resolved [ { name: 'generator-angular',
39 silly resolved     version: '0.11.1',
39 silly resolved     description: 'Yeoman generator for AngularJS',
39 silly resolved     keywords:
39 silly resolved      [ 'yeoman-generator',
39 silly resolved        'scaffold',
39 silly resolved        'framework',
39 silly resolved        'component',
39 silly resolved        'front-end',
39 silly resolved        'app',
39 silly resolved        'angular' ],
39 silly resolved     author: { name: 'The Yeoman Team' },
39 silly resolved     main: 'app/index.js',
39 silly resolved     files:
39 silly resolved      [ 'app',
39 silly resolved        'common',
39 silly resolved        'constant',
39 silly resolved        'controller',
39 silly resolved        'decorator',
39 silly resolved        'directive',
39 silly resolved        'factory',
39 silly resolved        'filter',
39 silly resolved        'main',
39 silly resolved        'provider',
39 silly resolved        'route',
39 silly resolved        'service',
39 silly resolved        'templates',
39 silly resolved        'value',
39 silly resolved        'view',
39 silly resolved        'script-base.js',
39 silly resolved        'util.js' ],
39 silly resolved     repository:
39 silly resolved      { type: 'git',
39 silly resolved        url: 'https://github.com/yeoman/generator-angular' },
39 silly resolved     scripts: { test: 'mocha' },
39 silly resolved     dependencies:
39 silly resolved      { wiredep: '^2.2.0',
39 silly resolved        'yeoman-generator': '^0.16.0',
39 silly resolved        yosay: '^1.0.2',
39 silly resolved        chalk: '^0.5.0' },
39 silly resolved     peerDependencies: { 'generator-karma': '>=0.9.0', yo: '>=1.0.0' },
39 silly resolved     devDependencies:
39 silly resolved      { grunt: '~0.4.1',
39 silly resolved        'grunt-contrib-jshint': '~0.11.0',
39 silly resolved        'grunt-conventional-changelog': '~1.1.0',
39 silly resolved        'grunt-release': '~0.11.0',
39 silly resolved        'load-grunt-tasks': '~3.1.0',
39 silly resolved        mocha: '*',
39 silly resolved        semver: '~4.2.0',
39 silly resolved        'underscore.string': '~2.3.1' },
39 silly resolved     engines: { node: '>=0.10.0', npm: '>=1.2.10' },
39 silly resolved     licenses: [ [Object] ],
39 silly resolved     gitHead: '1173a57caca7a9614bdeadd4c916a00d3769de6f',
39 silly resolved     bugs: { url: 'https://github.com/yeoman/generator-angular/issues' },
39 silly resolved     homepage: 'https://github.com/yeoman/generator-angular',
39 silly resolved     _id: 'generator-angular@0.11.1',
39 silly resolved     _shasum: 'f469e28e4ce67639a47c690ba5e54f90558d8e8f',
39 silly resolved     _from: 'generator-angular@',
39 silly resolved     _npmVersion: '2.4.1',
39 silly resolved     _nodeVersion: '0.10.35',
39 silly resolved     _npmUser: { name: 'eddiemonge', email: 'eddie+npm@eddiemonge.com' },
39 silly resolved     maintainers:
39 silly resolved      [ [Object],
39 silly resolved        [Object],
39 silly resolved        [Object],
39 silly resolved        [Object],
39 silly resolved        [Object],
39 silly resolved        [Object],
39 silly resolved        [Object] ],
39 silly resolved     dist:
39 silly resolved      { shasum: 'f469e28e4ce67639a47c690ba5e54f90558d8e8f',
39 silly resolved        tarball: 'http://registry.npmjs.org/generator-angular/-/generator-angular-0.11.1.tgz' },
39 silly resolved     directories: {},
39 silly resolved     _resolved: 'https://registry.npmjs.org/generator-angular/-/generator-angular-0.11.1.tgz',
39 silly resolved     readme: 'ERROR: No README data found!' } ]
40 info install generator-angular@0.11.1 into /usr/lib
41 info installOne generator-angular@0.11.1
42 verbose lib/node_modules/generator-angular unbuild
43 verbose tar unpack /home/naldo/.npm/generator-angular/0.11.1/package.tgz
44 silly lockFile 9c6101a0-b-node-modules-generator-angular tar:///usr/lib/node_modules/generator-angular
45 verbose lock tar:///usr/lib/node_modules/generator-angular /home/naldo/.npm/9c6101a0-b-node-modules-generator-angular.lock
46 silly lockFile 3f4eb97a-rator-angular-0-11-1-package-tgz tar:///home/naldo/.npm/generator-angular/0.11.1/package.tgz
47 verbose lock tar:///home/naldo/.npm/generator-angular/0.11.1/package.tgz /home/naldo/.npm/3f4eb97a-rator-angular-0-11-1-package-tgz.lock
48 silly gunzTarPerm modes [ '755', '644' ]
49 error Error: EACCES, mkdir '/usr/lib/node_modules/generator-angular'
49 error  { [Error: EACCES, mkdir '/usr/lib/node_modules/generator-angular']
49 error   errno: 3,
49 error   code: 'EACCES',
49 error   path: '/usr/lib/node_modules/generator-angular',
49 error   fstream_type: 'Directory',
49 error   fstream_path: '/usr/lib/node_modules/generator-angular',
49 error   fstream_class: 'DirWriter',
49 error   fstream_stack:
49 error    [ '/usr/lib/node_modules/npm/node_modules/fstream/lib/dir-writer.js:36:23',
49 error      '/usr/lib/node_modules/npm/node_modules/mkdirp/index.js:46:53',
49 error      'Object.oncomplete (fs.js:108:15)' ] }
50 error Please try running this command again as root/Administrator.
51 error System Linux 3.16.0-4-amd64
52 error command "/usr/bin/node" "/usr/bin/npm" "install" "-g" "generator-angular"
53 error cwd /home/naldo/Documentos/Projetos/geo_ctf_app
54 error node -v v0.10.38
55 error npm -v 1.4.28
56 error path /usr/lib/node_modules/generator-angular
57 error fstream_path /usr/lib/node_modules/generator-angular
58 error fstream_type Directory
59 error fstream_class DirWriter
60 error code EACCES
61 error errno 3
62 error stack Error: EACCES, mkdir '/usr/lib/node_modules/generator-angular'
63 error fstream_stack /usr/lib/node_modules/npm/node_modules/fstream/lib/dir-writer.js:36:23
63 error fstream_stack /usr/lib/node_modules/npm/node_modules/mkdirp/index.js:46:53
63 error fstream_stack Object.oncomplete (fs.js:108:15)
64 verbose exit [ 3, true ]
